<?xml version="1.0" encoding="UTF-8"?>
<!-- Generated by org.testng.reporters.JUnitReportReporter -->
<testsuite hostname="DESKTOP-IKN8HMI" failures="0" tests="2" name="SauceTest" time="0.013" errors="0" timestamp="2023-05-30T16:00:54 PDT" skipped="0">
  <testcase classname="SauceTest" name="logintest" time="0.011"/>
  <system-out/>
  <testcase classname="SauceTest" name="ordertest" time="0.002"/>
  <system-out/>
</testsuite> <!-- SauceTest -->
