<?xml version="1.0" encoding="UTF-8"?>
<!-- Generated by org.testng.reporters.JUnitReportReporter -->
<testsuite hostname="DESKTOP-IKN8HMI" failures="0" tests="1" name="LoginTest" time="2.889" errors="0" timestamp="2023-05-31T10:51:07 PDT" skipped="0">
  <testcase classname="LoginTest" name="login" time="2.889"/>
  <system-out/>
</testsuite> <!-- LoginTest -->
