<?xml version="1.0" encoding="UTF-8"?>
<!-- Generated by org.testng.reporters.JUnitReportReporter -->
<testsuite hostname="DESKTOP-7EUDCAL" failures="0" tests="5" name="TestngMethods.PriorityAnnotations" time="0.021" errors="0" timestamp="2023-05-29T21:51:36 GMT-04:00" skipped="0">
  <testcase classname="TestngMethods.PriorityAnnotations" name="logouttest" time="0.015"/>
  <system-out/>
  <testcase classname="TestngMethods.PriorityAnnotations" name="drafttest" time="0.001"/>
  <system-out/>
  <testcase classname="TestngMethods.PriorityAnnotations" name="registertest" time="0.002"/>
  <system-out/>
  <testcase classname="TestngMethods.PriorityAnnotations" name="invoicetest" time="0.001"/>
  <system-out/>
  <testcase classname="TestngMethods.PriorityAnnotations" name="addtocarttest" time="0.002"/>
  <system-out/>
</testsuite> <!-- TestngMethods.PriorityAnnotations -->
