<?xml version="1.0" encoding="UTF-8"?>
<!-- Generated by org.testng.reporters.JUnitReportReporter -->
<testsuite hostname="DESKTOP-7EUDCAL" failures="0" tests="4" name="TestngMethods.Annotations_Ex" time="0.013" errors="0" timestamp="2023-05-29T21:43:03 GMT-04:00" skipped="0">
  <testcase classname="TestngMethods.Annotations_Ex" name="method2" time="0.003"/>
  <system-out/>
  <testcase classname="TestngMethods.Annotations_Ex" name="method4" time="0.001"/>
  <system-out/>
  <testcase classname="TestngMethods.Annotations_Ex" name="method3" time="0.001"/>
  <system-out/>
  <testcase classname="TestngMethods.Annotations_Ex" name="method1" time="0.008"/>
  <system-out/>
</testsuite> <!-- TestngMethods.Annotations_Ex -->
