<?xml version="1.0" encoding="UTF-8"?>
<!-- Generated by org.testng.reporters.JUnitReportReporter -->
<testsuite hostname="DESKTOP-7EUDCAL" failures="0" tests="3" name="DataProvider_Ex" time="13.955" errors="0" timestamp="2023-05-30T21:38:19 GMT-04:00" skipped="0">
  <testcase classname="DataProvider_Ex" name="logintest" time="4.080"/>
  <system-out/>
  <testcase classname="DataProvider_Ex" name="logintest" time="3.907"/>
  <system-out/>
  <testcase classname="DataProvider_Ex" name="logintest" time="5.968"/>
  <system-out/>
</testsuite> <!-- DataProvider_Ex -->
