<?xml version="1.0" encoding="UTF-8"?>
<!-- Generated by org.testng.reporters.JUnitReportReporter -->
<testsuite hostname="DESKTOP-7EUDCAL" failures="0" tests="2" name="IgnoreTest" time="0.015" errors="0" timestamp="2023-05-30T21:40:28 GMT-04:00" skipped="1">
  <testcase classname="IgnoreTest" name="method2" time="0.015"/>
  <system-out/>
  <testcase classname="IgnoreTest" name="method1">
    <skipped/>
  </testcase> <!-- method1 -->
  <system-out/>
</testsuite> <!-- IgnoreTest -->
