<?xml version="1.0" encoding="UTF-8"?>
<!-- Generated by org.testng.reporters.JUnitReportReporter -->
<testsuite hostname="DESKTOP-7EUDCAL" failures="0" tests="1" name="SauceTestSuite.LogOutTest" time="5.185" errors="0" timestamp="2023-05-30T21:28:52 GMT-04:00" skipped="0">
  <testcase classname="SauceTestSuite.LogOutTest" name="logout" time="5.185"/>
  <system-out/>
</testsuite> <!-- SauceTestSuite.LogOutTest -->
