<?xml version="1.0" encoding="UTF-8"?>
<!-- Generated by org.testng.reporters.JUnitReportReporter -->
<testsuite hostname="DESKTOP-7EUDCAL" failures="0" tests="1" name="SauceTestSuite.AddTocartTest" time="5.513" errors="0" timestamp="2023-05-30T21:18:56 GMT-04:00" skipped="0">
  <testcase classname="SauceTestSuite.AddTocartTest" name="addtocart" time="5.513"/>
  <system-out/>
</testsuite> <!-- SauceTestSuite.AddTocartTest -->
