<?xml version="1.0" encoding="UTF-8"?>
<!-- Generated by org.testng.reporters.JUnitReportReporter -->
<testsuite hostname="DESKTOP-7EUDCAL" failures="0" tests="10" name="InvocationCount_Ex" time="0.026" errors="0" timestamp="2023-05-30T21:42:20 GMT-04:00" skipped="0">
  <testcase classname="InvocationCount_Ex" name="logintest" time="0.002"/>
  <system-out/>
  <testcase classname="InvocationCount_Ex" name="logintest" time="0.002"/>
  <system-out/>
  <testcase classname="InvocationCount_Ex" name="logintest" time="0.003"/>
  <system-out/>
  <testcase classname="InvocationCount_Ex" name="logintest" time="0.002"/>
  <system-out/>
  <testcase classname="InvocationCount_Ex" name="logintest" time="0.001"/>
  <system-out/>
  <testcase classname="InvocationCount_Ex" name="logintest" time="0.002"/>
  <system-out/>
  <testcase classname="InvocationCount_Ex" name="logintest" time="0.001"/>
  <system-out/>
  <testcase classname="InvocationCount_Ex" name="logintest" time="0.001"/>
  <system-out/>
  <testcase classname="InvocationCount_Ex" name="logintest" time="0.011"/>
  <system-out/>
  <testcase classname="InvocationCount_Ex" name="logintest" time="0.001"/>
  <system-out/>
</testsuite> <!-- InvocationCount_Ex -->
