<?xml version="1.0" encoding="UTF-8"?>
<!-- Generated by org.testng.reporters.JUnitReportReporter -->
<testsuite hostname="DESKTOP-7EUDCAL" failures="0" tests="2" name="Parameters.LoginParameter" time="0.011" errors="0" timestamp="2023-05-30T10:10:40 GMT-04:00" skipped="0">
  <testcase classname="Parameters.LoginParameter" name="logintest" time="0.010"/>
  <system-out/>
  <testcase classname="Parameters.LoginParameter" name="logintest" time="0.001"/>
  <system-out/>
</testsuite> <!-- Parameters.LoginParameter -->
