<?xml version="1.0" encoding="UTF-8"?>
<!-- Generated by org.testng.reporters.JUnitReportReporter -->
<testsuite hostname="DESKTOP-7EUDCAL" failures="0" tests="3" name="ParallelExecution.ParallelTest" time="26.651" errors="0" timestamp="2023-05-30T21:49:48 GMT-04:00" skipped="0">
  <testcase classname="ParallelExecution.ParallelTest" name="loginWithEdge" time="7.753"/>
  <system-out/>
  <testcase classname="ParallelExecution.ParallelTest" name="loginWithFirefox" time="12.083"/>
  <system-out/>
  <testcase classname="ParallelExecution.ParallelTest" name="loginWithChrome" time="6.815"/>
  <system-out/>
</testsuite> <!-- ParallelExecution.ParallelTest -->
