<?xml version="1.0" encoding="UTF-8"?>
<!-- Generated by org.testng.reporters.JUnitReportReporter -->
<testsuite hostname="DESKTOP-IKN8HMI" failures="0" tests="1" name="NewTest" time="0.004" errors="0" timestamp="2023-05-27T02:42:32 PDT" skipped="0">
  <testcase classname="NewTest" name="f" time="0.004"/>
</testsuite> <!-- NewTest -->
