<?xml version="1.0" encoding="UTF-8"?>
<!-- Generated by org.testng.reporters.JUnitReportReporter -->
<testsuite hostname="DESKTOP-7EUDCAL" failures="0" tests="1" name="testCases.LogoutTest" time="4.513" errors="0" timestamp="2023-06-01T22:00:59 GMT-04:00" skipped="0">
  <testcase classname="testCases.LogoutTest" name="logout" time="4.513"/>
  <system-out/>
</testsuite> <!-- testCases.LogoutTest -->
