<?xml version="1.0" encoding="UTF-8"?>
<!-- Generated by org.testng.reporters.JUnitReportReporter -->
<testsuite hostname="DESKTOP-IKN8HMI" failures="0" tests="1" name="testCases.LoginTest" time="3.404" errors="0" timestamp="2023-06-05T23:58:29 PDT" skipped="0">
  <testcase classname="testCases.LoginTest" name="verifyInValidLogin" time="3.404"/>
  <system-out/>
</testsuite> <!-- testCases.LoginTest -->
